  Main.cpp
C:\Users\henrb\Desktop\Files\Sources\AxonUpdated-master\V3rm\r_lua.h(150,82): warning C4554: '>>': check operator precedence for possible error; use parentheses to clarify precedence
C:\Users\henrb\Desktop\Files\Sources\AxonUpdated-master\V3rm\Bridge.h(176,32): warning C4838: conversion from 'int' to 'const char' requires a narrowing conversion
C:\Users\henrb\Desktop\Files\Sources\AxonUpdated-master\V3rm\Bridge.h(176,32): warning C4309: 'initializing': truncation of constant value
C:\Users\henrb\Desktop\Files\Sources\AxonUpdated-master\V3rm\Bridge.h(176,38): warning C4838: conversion from 'int' to 'const char' requires a narrowing conversion
C:\Users\henrb\Desktop\Files\Sources\AxonUpdated-master\V3rm\Bridge.h(176,38): warning C4309: 'initializing': truncation of constant value
C:\Users\henrb\Desktop\Files\Sources\AxonUpdated-master\V3rm\Bridge.h(176,44): warning C4838: conversion from 'int' to 'const char' requires a narrowing conversion
C:\Users\henrb\Desktop\Files\Sources\AxonUpdated-master\V3rm\Bridge.h(176,44): warning C4309: 'initializing': truncation of constant value
C:\Users\henrb\Desktop\Files\Sources\AxonUpdated-master\V3rm\Bridge.h(176,50): warning C4838: conversion from 'int' to 'const char' requires a narrowing conversion
C:\Users\henrb\Desktop\Files\Sources\AxonUpdated-master\V3rm\Bridge.h(176,50): warning C4309: 'initializing': truncation of constant value
C:\Users\henrb\Desktop\Files\Sources\AxonUpdated-master\V3rm\Bridge.h(176,56): warning C4838: conversion from 'int' to 'const char' requires a narrowing conversion
C:\Users\henrb\Desktop\Files\Sources\AxonUpdated-master\V3rm\Bridge.h(176,56): warning C4309: 'initializing': truncation of constant value
C:\Users\henrb\Desktop\Files\Sources\AxonUpdated-master\V3rm\Bridge.h(176,62): warning C4838: conversion from 'int' to 'const char' requires a narrowing conversion
C:\Users\henrb\Desktop\Files\Sources\AxonUpdated-master\V3rm\Bridge.h(176,62): warning C4309: 'initializing': truncation of constant value
C:\Users\henrb\Desktop\Files\Sources\AxonUpdated-master\V3rm\Bridge.h(176,68): warning C4838: conversion from 'int' to 'const char' requires a narrowing conversion
C:\Users\henrb\Desktop\Files\Sources\AxonUpdated-master\V3rm\Bridge.h(176,68): warning C4309: 'initializing': truncation of constant value
C:\Users\henrb\Desktop\Files\Sources\AxonUpdated-master\V3rm\Bridge.h(176,74): warning C4838: conversion from 'int' to 'const char' requires a narrowing conversion
C:\Users\henrb\Desktop\Files\Sources\AxonUpdated-master\V3rm\Bridge.h(176,74): warning C4309: 'initializing': truncation of constant value
C:\Users\henrb\Desktop\Files\Sources\AxonUpdated-master\V3rm\Bridge.h(354,11): warning C4244: 'initializing': conversion from 'lua_Number' to 'int', possible loss of data
C:\Users\henrb\Desktop\Files\Sources\AxonUpdated-master\V3rm\Bridge.h(363,31): warning C4002: too many arguments for function-like macro invocation 'r_lua_tostring'
C:\Users\henrb\Desktop\Files\Sources\AxonUpdated-master\V3rm\Bridge.h(403,11): warning C4244: 'initializing': conversion from 'double' to 'int', possible loss of data
C:\Users\henrb\Desktop\Files\Sources\AxonUpdated-master\V3rm\Main.cpp(159,2): warning C4996: 'freopen': This function or variable may be unsafe. Consider using freopen_s instead. To disable deprecation, use _CRT_SECURE_NO_WARNINGS. See online help for details.
C:\Users\henrb\Desktop\Files\Sources\AxonUpdated-master\V3rm\Main.cpp(160,2): warning C4996: 'freopen': This function or variable may be unsafe. Consider using freopen_s instead. To disable deprecation, use _CRT_SECURE_NO_WARNINGS. See online help for details.
C:\Users\henrb\Desktop\Files\Sources\AxonUpdated-master\V3rm\Main.cpp(222,20): warning C4018: '<': signed/unsigned mismatch
  Generating code
  1 of 1092 functions (<0.1%) were compiled, the rest were copied from previous compilation.
    0 functions were new in current compilation
    7 functions had inline decision re-evaluated but remain unchanged
  Finished generating code
  V3rm.vcxproj -> C:\Users\henrb\Desktop\Files\Sources\AxonUpdated-master\Release\Axon.dll
